build/app/intermediates/manifest_merge_blame_file/debug/manifest-merger-blame-debug-report.txt
1<?xml version="1.0" encoding="utf-8"?>
2<manifest xmlns:android="http://schemas.android.com/apk/res/android"
3    package="com.risfat.alarm_clock"
4    android:versionCode="1"
5    android:versionName="1.0.0" >
6
7    <uses-sdk
8        android:minSdkVersion="21"
9        android:targetSdkVersion="34" />
10    <!--
11         Flutter needs it to communicate with the running application
12         to allow setting breakpoints, to provide hot reload, etc.
13    -->
14    <uses-permission android:name="android.permission.INTERNET" />
14-->src\debug\AndroidManifest.xml:6:5-66
14-->src\debug\AndroidManifest.xml:6:22-64
15    <uses-permission android:name="android.permission.RECEIVE_BOOT_COMPLETED" />
15-->[:flutter_local_notifications] AndroidManifest.xml:9:5-81
15-->[:flutter_local_notifications] AndroidManifest.xml:9:22-78
16    <uses-permission android:name="android.permission.VIBRATE" />
16-->[:flutter_local_notifications] AndroidManifest.xml:10:5-66
16-->[:flutter_local_notifications] AndroidManifest.xml:10:22-63
17    <uses-permission android:name="android.permission.USE_FULL_SCREEN_INTENT" />
17-->[:flutter_local_notifications] AndroidManifest.xml:11:5-81
17-->[:flutter_local_notifications] AndroidManifest.xml:11:22-78
18    <uses-permission android:name="android.permission.SCHEDULE_EXACT_ALARM" />
18-->[:flutter_local_notifications] AndroidManifest.xml:12:5-79
18-->[:flutter_local_notifications] AndroidManifest.xml:12:22-76
19    <uses-permission android:name="android.permission.POST_NOTIFICATIONS" />
19-->[:flutter_local_notifications] AndroidManifest.xml:13:5-77
19-->[:flutter_local_notifications] AndroidManifest.xml:13:22-74
20
21    <application
22        android:name="android.app.Application"
23        android:appComponentFactory="androidx.core.app.CoreComponentFactory"
23-->[androidx.core:core:1.6.0] AndroidManifest.xml:24:18-86
24        android:debuggable="true"
25        android:icon="@mipmap/ic_launcher"
26        android:label="flutter_alarm_clock" >
27        <activity
28            android:name="com.risfat.alarm_clock.MainActivity"
29            android:configChanges="orientation|keyboardHidden|keyboard|screenSize|smallestScreenSize|locale|layoutDirection|fontScale|screenLayout|density|uiMode"
30            android:exported="true"
31            android:hardwareAccelerated="true"
32            android:launchMode="singleTop"
33            android:theme="@style/LaunchTheme"
34            android:windowSoftInputMode="adjustResize" >
35
36            <!--
37                 Specifies an Android theme to apply to this Activity as soon as
38                 the Android process has started. This theme is visible to the user
39                 while the Flutter UI initializes. After that, this theme continues
40                 to determine the Window background behind the Flutter UI.
41            -->
42            <meta-data
43                android:name="io.flutter.embedding.android.NormalTheme"
44                android:resource="@style/NormalTheme" />
45
46            <intent-filter>
47                <action android:name="android.intent.action.MAIN" />
48
49                <category android:name="android.intent.category.LAUNCHER" />
50            </intent-filter>
51        </activity>
52        <!--
53             Don't delete the meta-data below.
54             This is used by the Flutter tool to generate GeneratedPluginRegistrant.java
55        -->
56        <meta-data
57            android:name="flutterEmbedding"
58            android:value="2" />
59
60        <receiver
60-->[:flutter_local_notifications] AndroidManifest.xml:16:9-18:40
61            android:name="com.dexterous.flutterlocalnotifications.ScheduledNotificationReceiver"
61-->[:flutter_local_notifications] AndroidManifest.xml:17:13-97
62            android:exported="false" />
62-->[:flutter_local_notifications] AndroidManifest.xml:18:13-37
63        <receiver
63-->[:flutter_local_notifications] AndroidManifest.xml:19:9-28:20
64            android:name="com.dexterous.flutterlocalnotifications.ScheduledNotificationBootReceiver"
64-->[:flutter_local_notifications] AndroidManifest.xml:20:13-101
65            android:exported="false" >
65-->[:flutter_local_notifications] AndroidManifest.xml:21:13-37
66            <intent-filter>
66-->[:flutter_local_notifications] AndroidManifest.xml:22:13-27:29
67                <action android:name="android.intent.action.BOOT_COMPLETED" />
67-->[:flutter_local_notifications] AndroidManifest.xml:23:17-79
67-->[:flutter_local_notifications] AndroidManifest.xml:23:25-76
68                <action android:name="android.intent.action.MY_PACKAGE_REPLACED" />
68-->[:flutter_local_notifications] AndroidManifest.xml:24:17-84
68-->[:flutter_local_notifications] AndroidManifest.xml:24:25-81
69                <action android:name="android.intent.action.QUICKBOOT_POWERON" />
69-->[:flutter_local_notifications] AndroidManifest.xml:25:17-82
69-->[:flutter_local_notifications] AndroidManifest.xml:25:25-79
70                <action android:name="com.htc.intent.action.QUICKBOOT_POWERON" />
70-->[:flutter_local_notifications] AndroidManifest.xml:26:17-82
70-->[:flutter_local_notifications] AndroidManifest.xml:26:25-79
71            </intent-filter>
72        </receiver>
73
74        <uses-library
74-->[androidx.window:window:1.0.0-beta04] AndroidManifest.xml:25:9-27:40
75            android:name="androidx.window.extensions"
75-->[androidx.window:window:1.0.0-beta04] AndroidManifest.xml:26:13-54
76            android:required="false" />
76-->[androidx.window:window:1.0.0-beta04] AndroidManifest.xml:27:13-37
77        <uses-library
77-->[androidx.window:window:1.0.0-beta04] AndroidManifest.xml:28:9-30:40
78            android:name="androidx.window.sidecar"
78-->[androidx.window:window:1.0.0-beta04] AndroidManifest.xml:29:13-51
79            android:required="false" />
79-->[androidx.window:window:1.0.0-beta04] AndroidManifest.xml:30:13-37
80    </application>
81
82</manifest>